{"/home/nahu/Documents/argentinaPrograma/exchangerates/src/utilities/utilities.js": {"path":"/home/nahu/Documents/argentinaPrograma/exchangerates/src/utilities/utilities.js","statementMap":{"0":{"start":{"line":2,"column":24},"end":{"line":2,"column":44}},"1":{"start":{"line":3,"column":15},"end":{"line":3,"column":39}},"2":{"start":{"line":4,"column":16},"end":{"line":4,"column":40}},"3":{"start":{"line":5,"column":14},"end":{"line":5,"column":38}},"4":{"start":{"line":6,"column":2},"end":{"line":10,"column":4}},"5":{"start":{"line":14,"column":22},"end":{"line":14,"column":32}},"6":{"start":{"line":16,"column":22},"end":{"line":16,"column":47}},"7":{"start":{"line":17,"column":23},"end":{"line":17,"column":49}},"8":{"start":{"line":18,"column":21},"end":{"line":18,"column":65}},"9":{"start":{"line":20,"column":2},"end":{"line":24,"column":4}}},"fnMap":{"0":{"name":"organizeDate","decl":{"start":{"line":1,"column":9},"end":{"line":1,"column":21}},"loc":{"start":{"line":1,"column":33},"end":{"line":11,"column":1}},"line":1},"1":{"name":"getActualDate","decl":{"start":{"line":13,"column":9},"end":{"line":13,"column":22}},"loc":{"start":{"line":13,"column":25},"end":{"line":25,"column":1}},"line":13}},"branchMap":{},"s":{"0":6,"1":6,"2":6,"3":6,"4":6,"5":8,"6":8,"7":8,"8":8,"9":8},"f":{"0":6,"1":8},"b":{},"_coverageSchema":"1a1c01bbd47fc00a2c39e90264f33305004495a9","hash":"eb729229376116d26d2ebe012e80745cfbdc2528"}
,"/home/nahu/Documents/argentinaPrograma/exchangerates/src/validations/validations.js": {"path":"/home/nahu/Documents/argentinaPrograma/exchangerates/src/validations/validations.js","statementMap":{"0":{"start":{"line":5,"column":17},"end":{"line":7,"column":3}},"1":{"start":{"line":9,"column":2},"end":{"line":12,"column":3}},"2":{"start":{"line":10,"column":4},"end":{"line":10,"column":32}},"3":{"start":{"line":11,"column":4},"end":{"line":11,"column":18}},"4":{"start":{"line":13,"column":21},"end":{"line":13,"column":36}},"5":{"start":{"line":14,"column":24},"end":{"line":14,"column":47}},"6":{"start":{"line":16,"column":2},"end":{"line":19,"column":3}},"7":{"start":{"line":17,"column":4},"end":{"line":17,"column":61}},"8":{"start":{"line":18,"column":4},"end":{"line":18,"column":18}},"9":{"start":{"line":19,"column":4},"end":{"line":22,"column":3}},"10":{"start":{"line":20,"column":4},"end":{"line":20,"column":62}},"11":{"start":{"line":21,"column":4},"end":{"line":21,"column":18}},"12":{"start":{"line":22,"column":4},"end":{"line":25,"column":3}},"13":{"start":{"line":23,"column":4},"end":{"line":23,"column":60}},"14":{"start":{"line":24,"column":4},"end":{"line":24,"column":18}},"15":{"start":{"line":27,"column":2},"end":{"line":27,"column":16}},"16":{"start":{"line":31,"column":17},"end":{"line":33,"column":3}},"17":{"start":{"line":35,"column":2},"end":{"line":38,"column":3}},"18":{"start":{"line":36,"column":4},"end":{"line":36,"column":37}},"19":{"start":{"line":37,"column":4},"end":{"line":37,"column":18}},"20":{"start":{"line":40,"column":2},"end":{"line":40,"column":16}},"21":{"start":{"line":44,"column":17},"end":{"line":46,"column":3}},"22":{"start":{"line":48,"column":2},"end":{"line":51,"column":3}},"23":{"start":{"line":49,"column":4},"end":{"line":49,"column":35}},"24":{"start":{"line":50,"column":4},"end":{"line":50,"column":18}},"25":{"start":{"line":52,"column":2},"end":{"line":52,"column":16}}},"fnMap":{"0":{"name":"validateRateDate","decl":{"start":{"line":4,"column":9},"end":{"line":4,"column":25}},"loc":{"start":{"line":4,"column":37},"end":{"line":28,"column":1}},"line":4},"1":{"name":"validateSymbol","decl":{"start":{"line":30,"column":9},"end":{"line":30,"column":23}},"loc":{"start":{"line":30,"column":37},"end":{"line":41,"column":1}},"line":30},"2":{"name":"validateAmount","decl":{"start":{"line":43,"column":9},"end":{"line":43,"column":23}},"loc":{"start":{"line":43,"column":32},"end":{"line":53,"column":1}},"line":43}},"branchMap":{"0":{"loc":{"start":{"line":9,"column":2},"end":{"line":12,"column":3}},"type":"if","locations":[{"start":{"line":9,"column":2},"end":{"line":12,"column":3}},{"start":{},"end":{}}],"line":9},"1":{"loc":{"start":{"line":16,"column":2},"end":{"line":19,"column":3}},"type":"if","locations":[{"start":{"line":16,"column":2},"end":{"line":19,"column":3}},{"start":{},"end":{}}],"line":16},"2":{"loc":{"start":{"line":19,"column":4},"end":{"line":22,"column":3}},"type":"if","locations":[{"start":{"line":19,"column":4},"end":{"line":22,"column":3}},{"start":{},"end":{}}],"line":19},"3":{"loc":{"start":{"line":19,"column":8},"end":{"line":19,"column":88}},"type":"binary-expr","locations":[{"start":{"line":19,"column":8},"end":{"line":19,"column":46}},{"start":{"line":19,"column":50},"end":{"line":19,"column":88}}],"line":19},"4":{"loc":{"start":{"line":22,"column":4},"end":{"line":25,"column":3}},"type":"if","locations":[{"start":{"line":22,"column":4},"end":{"line":25,"column":3}},{"start":{},"end":{}}],"line":22},"5":{"loc":{"start":{"line":22,"column":8},"end":{"line":22,"column":86}},"type":"binary-expr","locations":[{"start":{"line":22,"column":8},"end":{"line":22,"column":48}},{"start":{"line":22,"column":52},"end":{"line":22,"column":86}}],"line":22},"6":{"loc":{"start":{"line":35,"column":2},"end":{"line":38,"column":3}},"type":"if","locations":[{"start":{"line":35,"column":2},"end":{"line":38,"column":3}},{"start":{},"end":{}}],"line":35},"7":{"loc":{"start":{"line":48,"column":2},"end":{"line":51,"column":3}},"type":"if","locations":[{"start":{"line":48,"column":2},"end":{"line":51,"column":3}},{"start":{},"end":{}}],"line":48}},"s":{"0":5,"1":5,"2":1,"3":1,"4":4,"5":4,"6":4,"7":1,"8":1,"9":3,"10":1,"11":1,"12":2,"13":1,"14":1,"15":1,"16":2,"17":2,"18":1,"19":1,"20":1,"21":2,"22":2,"23":1,"24":1,"25":1},"f":{"0":5,"1":2,"2":2},"b":{"0":[1,4],"1":[1,3],"2":[1,2],"3":[3,2],"4":[1,1],"5":[2,1],"6":[1,1],"7":[1,1]},"_coverageSchema":"1a1c01bbd47fc00a2c39e90264f33305004495a9","hash":"944349469f26299979087b1c32511a596b1e7ff1"}
}
