TN:
SF:src/utilities/utilities.js
FN:1,organizeDate
FN:13,getActualDate
FNF:2
FNH:2
FNDA:6,organizeDate
FNDA:8,getActualDate
DA:2,6
DA:3,6
DA:4,6
DA:5,6
DA:6,6
DA:14,8
DA:16,8
DA:17,8
DA:18,8
DA:20,8
LF:10
LH:10
BRF:0
BRH:0
end_of_record
TN:
SF:src/validations/validations.js
FN:4,validateRateDate
FN:30,validateSymbol
FN:43,validateAmount
FNF:3
FNH:3
FNDA:5,validateRateDate
FNDA:2,validateSymbol
FNDA:2,validateAmount
DA:5,5
DA:9,5
DA:10,1
DA:11,1
DA:13,4
DA:14,4
DA:16,4
DA:17,1
DA:18,1
DA:19,3
DA:20,1
DA:21,1
DA:22,2
DA:23,1
DA:24,1
DA:27,1
DA:31,2
DA:35,2
DA:36,1
DA:37,1
DA:40,1
DA:44,2
DA:48,2
DA:49,1
DA:50,1
DA:52,1
LF:26
LH:26
BRDA:9,0,0,1
BRDA:9,0,1,4
BRDA:16,1,0,1
BRDA:16,1,1,3
BRDA:19,2,0,1
BRDA:19,2,1,2
BRDA:19,3,0,3
BRDA:19,3,1,2
BRDA:22,4,0,1
BRDA:22,4,1,1
BRDA:22,5,0,2
BRDA:22,5,1,1
BRDA:35,6,0,1
BRDA:35,6,1,1
BRDA:48,7,0,1
BRDA:48,7,1,1
BRF:16
BRH:16
end_of_record
